

Version:	3.50
CmdLine:	C:\Users\mirr\Documents\Admin\perso\code\ColorText\out\artifacts\ColorText_jar\ColoTextNew.exe --l4j-debug
JNI:		No
WOW64:		Yes
Working dir:	C:\Users\mirr\Documents\Admin\perso\code\ColorText\out\artifacts\ColorText_jar\.
Requires JDK:	No
Requires 64-Bit: No
Java min ver:	1.017.000
Java max ver:	
JRE paths:	JRE
Check launcher:	C:\Users\mirr\Documents\Admin\perso\code\ColorText\out\artifacts\ColorText_jar\JRE\bin\javaw.exe (not found)
64-bit search:	SOFTWARE\JavaSoft\Java Runtime Environment...
32-bit search:	SOFTWARE\JavaSoft\Java Runtime Environment...
64-bit search:	SOFTWARE\JavaSoft\Java Development Kit...
32-bit search:	SOFTWARE\JavaSoft\Java Development Kit...
64-bit search:	SOFTWARE\JavaSoft\JRE...
32-bit search:	SOFTWARE\JavaSoft\JRE...
64-bit search:	SOFTWARE\JavaSoft\JDK...
32-bit search:	SOFTWARE\JavaSoft\JDK...
64-bit search:	SOFTWARE\IBM\Java Runtime Environment...
32-bit search:	SOFTWARE\IBM\Java Runtime Environment...
64-bit search:	SOFTWARE\IBM\Java Development Kit...
32-bit search:	SOFTWARE\IBM\Java Development Kit...
64-bit search:	SOFTWARE\IBM\Java2 Runtime Environment...
32-bit search:	SOFTWARE\IBM\Java2 Runtime Environment...
64-bit search:	SOFTWARE\IBM\Java Development Kit...
32-bit search:	SOFTWARE\IBM\Java Development Kit...
Error msg:	This application requires a Java Runtime Environment 17
